<?xml version="1.0" encoding="UTF-8"?>
<testng-results skipped="0" failed="0" ignored="0" total="1" passed="1">
  <reporter-output>
  </reporter-output>
  <suite name="Default suite" duration-ms="179974" started-at="2021-02-05T14:07:11 ICT" finished-at="2021-02-05T14:10:11 ICT">
    <groups>
    </groups>
    <test name="Default test" duration-ms="179974" started-at="2021-02-05T14:07:11 ICT" finished-at="2021-02-05T14:10:11 ICT">
      <class name="jsonproject.TestUsingJSON">
        <test-method status="PASS" signature="setup()[pri:0, instance:jsonproject.TestUsingJSON@42d8062c]" name="setup" is-config="true" duration-ms="179712" started-at="2021-02-05T14:07:11 ICT" finished-at="2021-02-05T14:10:10 ICT">
          <reporter-output>
          </reporter-output>
        </test-method> <!-- setup -->
        <test-method status="PASS" signature="post()[pri:0, instance:jsonproject.TestUsingJSON@42d8062c]" name="post" duration-ms="9" started-at="2021-02-05T14:10:10 ICT" finished-at="2021-02-05T14:10:10 ICT">
          <reporter-output>
          </reporter-output>
        </test-method> <!-- post -->
        <test-method status="PASS" signature="tearDown()[pri:0, instance:jsonproject.TestUsingJSON@42d8062c]" name="tearDown" is-config="true" duration-ms="165" started-at="2021-02-05T14:10:10 ICT" finished-at="2021-02-05T14:10:11 ICT">
          <reporter-output>
          </reporter-output>
        </test-method> <!-- tearDown -->
      </class> <!-- jsonproject.TestUsingJSON -->
    </test> <!-- Default test -->
  </suite> <!-- Default suite -->
</testng-results>
